00:52:17 | IONIS V19 Rosetta Stone | V19 Rosetta Stone (Per-Source Norm)
00:52:17 | Device: mps | Epochs: 100 | Batch: 65536
00:52:17 | Data sources: WSPR + RBN Full + RBN DX (50x) + Contest
00:52:17 | Normalization: PER-SOURCE Z-score (V19 Rosetta Stone)
00:52:17 | Storm upsample: 10x for Kp >= 5
00:52:17 | 
00:52:17 | Connecting to ClickHouse at 10.60.1.1:8123...
00:52:17 | WSPR terrestrial signatures available: 93,339,408
00:52:17 | Loading WSPR floor data (sample 20,000,000)...
00:52:24 | WSPR: 20,000,000 rows in 7.1s
00:52:24 | RBN full signatures available: 56,726,737
00:52:24 | Loading RBN middle data (sample 20,000,000)...
00:52:31 | RBN Full: 20,000,000 rows in 6.9s
00:52:31 | RBN DXpedition signatures available: 91,301
00:52:31 | Loading RBN DXpedition data (all rows)...
00:52:31 | RBN DXpedition: 91,301 rows in 0.0s
00:52:31 | Contest signatures available: 6,337,800
00:52:31 | Loading Contest ceiling data (all rows)...
00:52:33 | Contest: 6,337,485 rows in 2.0s
00:52:33 | 
00:52:33 | === V19 PER-SOURCE NORMALIZATION (Rosetta Stone) ===
00:52:33 | Per-source normalization constants:
00:52:33 |   WSPR:    mean=-17.77 dB, std=6.33 dB
00:52:33 |   RBN:     mean=17.85 dB, std=8.18 dB
00:52:33 |   Contest: mean=5.64 dB, std=4.96 dB
00:52:33 | 
00:52:33 | Normalized Z-scores (should all be ~0 mean, ~1 std):
00:52:33 |   WSPR:    mean=-0.0000, std=1.0000
00:52:33 |   RBN:     mean=0.0006, std=1.0006
00:52:33 |   Contest: mean=0.0000, std=1.0000
00:52:33 | 
00:52:33 | Engineering features...
00:53:28 | Upsampling RBN DXpedition 50x...
00:53:28 |   DXpedition effective rows: 4,565,050
00:53:28 |   Contest effective rows: 6,337,485
00:53:28 | 
00:53:28 | Combined dataset (before storm upsample): 50,902,535 rows
00:53:28 |   WSPR (floor):       20,000,000 (39.3%)
00:53:28 |   RBN Full (middle):  20,000,000 (39.3%)
00:53:28 |   RBN DX (rare):      4,565,050 (9.0%)
00:53:28 |   Contest (ceiling):  6,337,485 (12.5%)
00:53:28 | Storm upsample: 145,580 rows with Kp >= 5 (0.29%)
00:53:28 |   Upsampling storm rows 10x...
00:53:28 |   After storm upsample: 52,358,335 rows (+1,455,800)
00:53:28 | 
00:53:28 | Combined targets (Z-scores): mean=-0.0059, std=0.9910
00:53:29 | Dataset: 52,358,335 rows x 13 features
00:53:29 | Source data range: 2008-03-11 to 2026-02-01
00:53:30 | Split: 41,886,668 train / 10,471,667 val
00:53:30 | Model: IonisV12Gate (173,173 params)
00:53:30 | Trainable: 173,173 / 173,173
00:53:30 | 
00:53:31 |  Ep     Train       Val     RMSE   Pearson   SFI+   Kp9-    Time
00:53:31 | ----------------------------------------------------------------
00:57:49 |   1    0.6929    0.6586   0.812σ  +0.3230  +0.22  +0.31  258.6s *
01:02:11 |   2    0.6550    0.6376   0.798σ  +0.3498  +0.22  +0.25  261.9s *
01:06:31 |   3    0.6380    0.6205   0.788σ  +0.3684  +0.20  +0.22  259.5s *
01:10:52 |   4    0.6244    0.6089   0.780σ  +0.3798  +0.19  +0.20  261.8s *
01:15:13 |   5    0.6146    0.6018   0.776σ  +0.3872  +0.18  +0.18  260.7s *
01:19:33 |   6    0.6077    0.5962   0.772σ  +0.3930  +0.16  +0.16  259.6s *
01:23:56 |   7    0.6024    0.5913   0.769σ  +0.3993  +0.16  +0.15  262.9s *
01:28:14 |   8    0.5984    0.5880   0.767σ  +0.4042  +0.15  +0.14  258.4s *
01:32:35 |   9    0.5945    0.5858   0.765σ  +0.4059  +0.14  +0.13  260.5s *
01:36:53 |  10    0.5913    0.5811   0.762σ  +0.4098  +0.14  +0.12  258.6s *
01:41:12 |  11    0.5884    0.5769   0.760σ  +0.4123  +0.14  +0.11  259.0s *
01:45:31 |  12    0.5859    0.5756   0.759σ  +0.4145  +0.14  +0.10  258.5s *
01:49:50 |  13    0.5836    0.5731   0.757σ  +0.4182  +0.13  +0.10  258.9s *
01:54:14 |  14    0.5810    0.5704   0.755σ  +0.4189  +0.13  +0.09  264.2s *
01:58:39 |  15    0.5794    0.5708   0.756σ  +0.4204  +0.13  +0.09  265.5s
02:03:05 |  16    0.5773    0.5665   0.753σ  +0.4220  +0.13  +0.08  265.2s *
02:07:28 |  17    0.5760    0.5637   0.751σ  +0.4245  +0.13  +0.08  263.7s *
02:11:52 |  18    0.5742    0.5627   0.750σ  +0.4247  +0.13  +0.08  263.3s *
02:16:15 |  19    0.5729    0.5628   0.750σ  +0.4252  +0.13  +0.08  263.3s
02:20:38 |  20    0.5718    0.5612   0.749σ  +0.4256  +0.13  +0.07  263.3s *
02:25:02 |  21    0.5704    0.5601   0.748σ  +0.4286  +0.13  +0.07  263.5s *
02:29:24 |  22    0.5695    0.5575   0.747σ  +0.4304  +0.12  +0.07  262.2s *
02:33:46 |  23    0.5683    0.5568   0.746σ  +0.4299  +0.12  +0.07  262.3s *
02:38:09 |  24    0.5674    0.5557   0.745σ  +0.4332  +0.12  +0.07  262.3s *
02:42:31 |  25    0.5665    0.5557   0.745σ  +0.4323  +0.12  +0.07  262.5s *
02:46:54 |  26    0.5656    0.5542   0.744σ  +0.4336  +0.12  +0.07  262.4s *
02:51:16 |  27    0.5648    0.5532   0.744σ  +0.4343  +0.12  +0.06  262.6s *
02:55:39 |  28    0.5637    0.5514   0.743σ  +0.4339  +0.12  +0.06  262.4s *
03:00:01 |  29    0.5630    0.5512   0.742σ  +0.4344  +0.12  +0.06  262.2s *
03:04:23 |  30    0.5624    0.5505   0.742σ  +0.4350  +0.12  +0.06  262.1s *
03:08:45 |  31    0.5618    0.5495   0.741σ  +0.4373  +0.12  +0.06  262.4s *
03:13:08 |  32    0.5610    0.5485   0.741σ  +0.4370  +0.12  +0.06  262.4s *
03:17:30 |  33    0.5604    0.5481   0.740σ  +0.4384  +0.12  +0.06  262.6s *
03:21:52 |  34    0.5596    0.5471   0.740σ  +0.4388  +0.12  +0.06  262.0s *
03:26:15 |  35    0.5591    0.5460   0.739σ  +0.4383  +0.12  +0.06  262.3s *
03:30:37 |  36    0.5585    0.5457   0.739σ  +0.4389  +0.12  +0.06  262.2s *
03:34:59 |  37    0.5578    0.5453   0.738σ  +0.4401  +0.12  +0.06  262.6s *
03:39:22 |  38    0.5572    0.5440   0.738σ  +0.4403  +0.12  +0.06  262.3s *
03:43:44 |  39    0.5567    0.5440   0.738σ  +0.4408  +0.12  +0.06  262.4s *
03:48:07 |  40    0.5562    0.5439   0.737σ  +0.4413  +0.12  +0.06  262.4s *
03:52:29 |  41    0.5558    0.5433   0.737σ  +0.4418  +0.12  +0.06  262.4s *
03:56:51 |  42    0.5553    0.5420   0.736σ  +0.4426  +0.12  +0.06  262.1s *
04:01:14 |  43    0.5547    0.5411   0.736σ  +0.4429  +0.12  +0.06  262.7s *
04:05:36 |  44    0.5543    0.5409   0.735σ  +0.4432  +0.11  +0.06  262.4s *
04:09:59 |  45    0.5537    0.5406   0.735σ  +0.4424  +0.11  +0.06  262.2s *
04:14:20 |  46    0.5533    0.5395   0.735σ  +0.4426  +0.11  +0.06  261.8s *
04:18:43 |  47    0.5529    0.5396   0.735σ  +0.4439  +0.11  +0.06  262.4s
04:23:05 |  48    0.5526    0.5399   0.735σ  +0.4431  +0.11  +0.06  262.6s
04:27:28 |  49    0.5522    0.5382   0.734σ  +0.4446  +0.11  +0.06  262.7s *
04:31:50 |  50    0.5517    0.5378   0.733σ  +0.4446  +0.11  +0.06  262.4s *
04:36:13 |  51    0.5514    0.5387   0.734σ  +0.4449  +0.11  +0.05  262.5s
04:40:35 |  52    0.5510    0.5377   0.733σ  +0.4461  +0.11  +0.05  262.1s *
04:44:58 |  53    0.5505    0.5369   0.733σ  +0.4461  +0.11  +0.05  262.6s *
04:49:20 |  54    0.5502    0.5362   0.732σ  +0.4465  +0.11  +0.05  262.3s *
04:53:42 |  55    0.5499    0.5361   0.732σ  +0.4461  +0.11  +0.05  262.5s *
04:58:04 |  56    0.5496    0.5361   0.732σ  +0.4463  +0.11  +0.05  261.8s *
05:02:27 |  57    0.5492    0.5350   0.731σ  +0.4472  +0.11  +0.05  262.2s *
05:06:49 |  58    0.5489    0.5347   0.731σ  +0.4474  +0.11  +0.05  262.2s *
05:11:11 |  59    0.5486    0.5341   0.731σ  +0.4473  +0.11  +0.05  262.5s *
05:15:33 |  60    0.5484    0.5343   0.731σ  +0.4474  +0.11  +0.05  261.8s
05:19:56 |  61    0.5481    0.5339   0.731σ  +0.4476  +0.11  +0.05  262.6s *
05:24:18 |  62    0.5478    0.5338   0.731σ  +0.4479  +0.11  +0.05  262.1s *
05:28:40 |  63    0.5475    0.5332   0.730σ  +0.4482  +0.11  +0.05  262.1s *
05:33:02 |  64    0.5471    0.5329   0.730σ  +0.4487  +0.11  +0.05  262.0s *
05:37:24 |  65    0.5469    0.5323   0.730σ  +0.4488  +0.11  +0.05  262.5s *
05:41:47 |  66    0.5467    0.5325   0.730σ  +0.4488  +0.11  +0.05  262.3s
05:46:09 |  67    0.5463    0.5317   0.729σ  +0.4497  +0.11  +0.05  262.2s *
05:50:31 |  68    0.5463    0.5317   0.729σ  +0.4488  +0.11  +0.05  262.0s *
05:54:53 |  69    0.5459    0.5316   0.729σ  +0.4497  +0.11  +0.05  262.2s *
05:59:15 |  70    0.5457    0.5311   0.729σ  +0.4496  +0.11  +0.05  262.3s *
06:03:38 |  71    0.5455    0.5312   0.729σ  +0.4490  +0.11  +0.05  262.5s
06:08:00 |  72    0.5452    0.5306   0.728σ  +0.4498  +0.11  +0.05  262.3s *
06:12:22 |  73    0.5451    0.5303   0.728σ  +0.4501  +0.11  +0.05  262.2s *
06:16:44 |  74    0.5450    0.5304   0.728σ  +0.4503  +0.11  +0.05  262.0s
06:21:07 |  75    0.5447    0.5304   0.728σ  +0.4501  +0.11  +0.05  262.2s
06:25:29 |  76    0.5445    0.5298   0.728σ  +0.4502  +0.11  +0.05  262.3s *
06:29:51 |  77    0.5444    0.5299   0.728σ  +0.4505  +0.11  +0.05  262.5s
06:34:14 |  78    0.5440    0.5295   0.728σ  +0.4505  +0.11  +0.05  262.2s *
06:38:36 |  79    0.5439    0.5295   0.728σ  +0.4508  +0.11  +0.05  262.2s *
06:42:58 |  80    0.5439    0.5291   0.727σ  +0.4510  +0.11  +0.05  261.8s *
06:47:20 |  81    0.5437    0.5290   0.727σ  +0.4510  +0.11  +0.05  262.2s *
06:51:42 |  82    0.5437    0.5289   0.727σ  +0.4509  +0.11  +0.05  262.3s *
06:56:05 |  83    0.5437    0.5288   0.727σ  +0.4509  +0.11  +0.05  262.5s *
07:00:26 |  84    0.5434    0.5286   0.727σ  +0.4515  +0.11  +0.05  261.7s *
07:04:49 |  85    0.5432    0.5285   0.727σ  +0.4514  +0.11  +0.05  262.3s *
07:09:10 |  86    0.5431    0.5284   0.727σ  +0.4514  +0.11  +0.05  261.8s *
07:13:33 |  87    0.5430    0.5283   0.727σ  +0.4513  +0.11  +0.05  262.3s *
07:17:55 |  88    0.5430    0.5284   0.727σ  +0.4514  +0.11  +0.05  262.0s
07:22:17 |  89    0.5429    0.5283   0.727σ  +0.4514  +0.11  +0.05  262.5s *
07:26:39 |  90    0.5428    0.5283   0.727σ  +0.4516  +0.11  +0.05  261.9s
07:31:01 |  91    0.5426    0.5281   0.727σ  +0.4517  +0.11  +0.05  262.1s *
07:35:23 |  92    0.5426    0.5281   0.727σ  +0.4517  +0.11  +0.05  262.0s *
07:39:46 |  93    0.5426    0.5281   0.727σ  +0.4517  +0.11  +0.05  262.4s *
07:44:08 |  94    0.5425    0.5280   0.727σ  +0.4516  +0.11  +0.05  262.4s *
07:48:31 |  95    0.5425    0.5279   0.727σ  +0.4516  +0.11  +0.05  262.5s *
07:52:53 |  96    0.5424    0.5279   0.727σ  +0.4517  +0.11  +0.05  262.1s *
07:57:15 |  97    0.5425    0.5279   0.727σ  +0.4517  +0.11  +0.05  262.1s *
08:01:37 |  98    0.5423    0.5279   0.727σ  +0.4517  +0.11  +0.05  262.1s *
08:05:59 |  99    0.5425    0.5279   0.727σ  +0.4517  +0.11  +0.05  262.3s *
08:10:22 | 100    0.5424    0.5279   0.727σ  +0.4517  +0.11  +0.05  262.3s *
08:10:22 | ----------------------------------------------------------------
08:10:22 | Training complete. Best RMSE: 0.7266σ, Pearson: +0.4517
08:10:22 | Checkpoint: /Users/gbeam/workspace/ki7mt-ai-lab/ki7mt-ai-lab-training/versions/v19/ionis_v19.pth
08:10:22 | 
08:10:22 | === PHYSICS VERIFICATION (normalized σ units) ===
08:10:22 | SFI 70→200 benefit: +0.110σ
08:10:22 | Kp 0→9 storm cost: +0.051σ
08:10:22 |   (≈ +0.7 dB benefit in WSPR scale)
08:10:22 |   (≈ +0.3 dB storm cost in WSPR scale)
08:10:22 | SFI monotonicity: CORRECT
08:10:22 | Kp monotonicity: CORRECT
08:10:22 | 
08:10:22 | === V19 ROSETTA STONE SUMMARY ===
08:10:22 | Per-source normalization constants stored in checkpoint:
08:10:22 |   wspr: mean=-17.77, std=6.33
08:10:22 |   rbn: mean=17.85, std=8.18
08:10:22 |   contest: mean=5.64, std=4.96
08:10:22 | 
08:10:22 | Inference (Rosetta Stone decoder):
08:10:22 |   Model outputs Z-score (σ) = signal quality relative to average
08:10:22 |   For WSPR/FT8: snr_dB = σ × wspr_std + wspr_mean
08:10:22 |   For CW/RTTY:  snr_dB = σ × rbn_std  + rbn_mean
08:10:22 |   For SSB:      snr_dB = σ × contest_std + contest_mean
08:10:22 | 
08:10:22 | Run oracle_v19.py to test predictions with Rosetta Stone decoder.
Training started (100 epochs)
