08:56:07 | IONIS V19.2 Differential LR | V19.2 Differential LR (Physics First)
08:56:07 | Device: mps | Epochs: 100 | Batch: 65536
08:56:07 | Data sources: WSPR + RBN Full + RBN DX (50x) + Contest
08:56:07 | Normalization: PER-SOURCE Z-score (Rosetta Stone)
08:56:07 | Storm upsample: 20x for Kp >= 5
08:56:07 | Learning rates: Trunk=1e-05, Sidecars=0.001 (100x faster)
08:56:07 | 
08:56:07 | Connecting to ClickHouse at 10.60.1.1:8123...
08:56:07 | WSPR terrestrial signatures available: 93,339,408
08:56:07 | Loading WSPR floor data (sample 20,000,000)...
08:56:14 | WSPR: 20,000,000 rows in 7.4s
08:56:14 | RBN full signatures available: 56,726,737
08:56:14 | Loading RBN middle data (sample 20,000,000)...
08:56:21 | RBN Full: 20,000,000 rows in 7.0s
08:56:21 | RBN DXpedition signatures available: 91,301
08:56:21 | Loading RBN DXpedition data (all rows)...
08:56:21 | RBN DXpedition: 91,301 rows in 0.0s
08:56:21 | Contest signatures available: 6,337,800
08:56:21 | Loading Contest ceiling data (all rows)...
08:56:23 | Contest: 6,337,485 rows in 2.1s
08:56:23 | 
08:56:23 | === V19.2 PER-SOURCE NORMALIZATION (Rosetta Stone) ===
08:56:23 | Per-source normalization constants:
08:56:23 |   WSPR:    mean=-17.77 dB, std=6.33 dB
08:56:23 |   RBN:     mean=17.85 dB, std=8.18 dB
08:56:23 |   Contest: mean=5.64 dB, std=4.96 dB
08:56:23 | 
08:56:23 | Normalized Z-scores (should all be ~0 mean, ~1 std):
08:56:23 |   WSPR:    mean=0.0000, std=1.0000
08:56:23 |   RBN:     mean=0.0006, std=1.0006
08:56:23 |   Contest: mean=0.0000, std=1.0000
08:56:23 | 
08:56:23 | Engineering features...
08:57:19 | Upsampling RBN DXpedition 50x...
08:57:19 |   DXpedition effective rows: 4,565,050
08:57:19 |   Contest effective rows: 6,337,485
08:57:20 | 
08:57:20 | Combined dataset (before storm upsample): 50,902,535 rows
08:57:20 |   WSPR (floor):       20,000,000 (39.3%)
08:57:20 |   RBN Full (middle):  20,000,000 (39.3%)
08:57:20 |   RBN DX (rare):      4,565,050 (9.0%)
08:57:20 |   Contest (ceiling):  6,337,485 (12.5%)
08:57:20 | Storm upsample: 145,768 rows with Kp >= 5 (0.29%)
08:57:20 |   Upsampling storm rows 20x...
08:57:20 |   After storm upsample: 53,817,895 rows (+2,915,360)
08:57:20 | 
08:57:20 | Combined targets (Z-scores): mean=-0.0013, std=0.9936
08:57:21 | Dataset: 53,817,895 rows x 13 features
08:57:21 | Source data range: 2008-03-11 to 2026-02-01
08:57:22 | Split: 43,054,316 train / 10,763,579 val
08:57:22 | Model: IonisV12Gate (173,173 params)
08:57:22 | Trainable: 173,173 / 173,173
08:57:22 | 
08:57:22 | === V19.2 DIFFERENTIAL LEARNING RATES ===
08:57:22 |   Trunk (172,289 params):   lr=1e-05
08:57:22 |   Gates (834 params):    lr=1e-05
08:57:22 |   Sidecars (50 params): lr=0.001 (100x boost)
08:57:22 | 
08:57:22 |  Ep     Train       Val     RMSE   Pearson   SFI+   Kp9-    Time
08:57:22 | ----------------------------------------------------------------
09:02:17 |   1    0.7886    0.7279   0.853σ  +0.2269  +0.15  +0.15  294.6s *
09:07:27 |   2    0.7301    0.7082   0.842σ  +0.2608  +0.18  +0.10  310.2s *
09:12:44 |   3    0.7170    0.6969   0.835σ  +0.2785  +0.19  +0.07  316.3s *
09:18:07 |   4    0.7077    0.6910   0.831σ  +0.2889  +0.19  +0.05  323.4s *
09:23:23 |   5    0.7016    0.6874   0.829σ  +0.2948  +0.19  +0.04  315.8s *
09:28:46 |   6    0.6976    0.6837   0.827σ  +0.2985  +0.20  +0.03  323.7s *
09:34:04 |   7    0.6946    0.6833   0.827σ  +0.3012  +0.19  +0.02  317.9s *
09:39:28 |   8    0.6922    0.6806   0.825σ  +0.3033  +0.20  +0.01  323.7s *
09:44:45 |   9    0.6901    0.6785   0.824σ  +0.3049  +0.20  +0.01  316.6s *
09:50:08 |  10    0.6885    0.6768   0.823σ  +0.3065  +0.20  +0.01  323.1s *
09:55:28 |  11    0.6870    0.6758   0.822σ  +0.3082  +0.20  +0.01  320.0s *
10:01:04 |  12    0.6857    0.6742   0.821σ  +0.3093  +0.20  +0.01  336.3s *
10:06:31 |  13    0.6845    0.6733   0.821σ  +0.3102  +0.20  +0.00  326.9s *
10:11:57 |  14    0.6834    0.6726   0.820σ  +0.3115  +0.20  +0.00  326.1s *
10:17:28 |  15    0.6822    0.6716   0.820σ  +0.3122  +0.20  +0.00  330.9s *
10:22:57 |  16    0.6814    0.6708   0.819σ  +0.3133  +0.20  +0.00  329.3s *
10:28:14 |  17    0.6804    0.6695   0.818σ  +0.3142  +0.20  +0.00  316.4s *
10:33:37 |  18    0.6797    0.6691   0.818σ  +0.3147  +0.20  +0.00  323.7s *
10:38:55 |  19    0.6788    0.6682   0.817σ  +0.3153  +0.20  +0.00  317.7s *
10:44:20 |  20    0.6781    0.6677   0.817σ  +0.3163  +0.21  +0.00  325.0s *
10:49:38 |  21    0.6774    0.6669   0.817σ  +0.3167  +0.21  +0.00  318.1s *
10:55:02 |  22    0.6767    0.6662   0.816σ  +0.3173  +0.20  +0.00  323.6s *
11:00:20 |  23    0.6761    0.6659   0.816σ  +0.3177  +0.21  +0.00  317.7s *
11:05:44 |  24    0.6755    0.6652   0.816σ  +0.3185  +0.21  +0.00  324.1s *
e): 50,902,535 rows
09:04:48 |   WSPR (floor):       20,000,000 (39.3%)
09:04:48 |   RBN Full (middle):  20,000,000 (39.3%)
09:04:48 |   RBN DX (rare):      4,565,050 (9.0%)
09:04:48 |   Contest (ceiling):  6,337,485 (12.5%)
09:04:48 | Storm upsample: 145,261 rows with Kp >= 5 (0.29%)
09:04:48 |   Upsampling storm rows 20x...
09:04:49 |   After storm upsample: 53,807,755 rows (+2,905,220)
09:04:49 | 
09:04:49 | Combined targets (Z-scores): mean=-0.0015, std=0.9935
09:04:49 | Dataset: 53,807,755 rows x 13 features
09:04:49 | Source data range: 2008-03-11 to 2026-02-01
09:04:51 | Split: 43,046,204 train / 10,761,551 val
09:04:51 | Model: IonisV12Gate (173,173 params)
09:04:51 | Trainable: 173,173 / 173,173
09:04:51 | 
09:04:51 | === V19.2 DIFFERENTIAL LEARNING RATES ===
09:04:51 |   Trunk (172,289 params):   lr=1e-05
09:04:51 |   Gates (834 params):    lr=1e-05
09:04:51 |   Sidecars (50 params): lr=0.001 (100x boost)
09:04:51 | 
09:04:51 |  Ep     Train       Val     RMSE   Pearson   SFI+   Kp9-    Time
09:04:51 | ----------------------------------------------------------------
09:10:16 |   1    0.9282    0.7378   0.859σ  +0.2254  +0.11  +0.16  324.8s *
09:15:37 |   2    0.7301    0.7146   0.845σ  +0.2587  +0.17  +0.10  320.6s *
09:20:58 |   3    0.7164    0.7031   0.839σ  +0.2776  +0.18  +0.07  321.1s *
09:26:18 |   4    0.7073    0.6957   0.834σ  +0.2879  +0.19  +0.05  320.2s *
09:31:41 |   5    0.7016    0.6905   0.831σ  +0.2944  +0.20  +0.04  322.7s *
09:37:03 |   6    0.6975    0.6874   0.829σ  +0.2978  +0.20  +0.02  321.8s *
09:42:24 |   7    0.6944    0.6847   0.827σ  +0.3005  +0.20  +0.02  321.8s *
09:47:47 |   8    0.6919    0.6825   0.826σ  +0.3024  +0.20  +0.01  322.3s *
09:53:14 |   9    0.6901    0.6813   0.825σ  +0.3045  +0.20  +0.01  327.6s *
09:58:39 |  10    0.6884    0.6794   0.824σ  +0.3060  +0.20  +0.01  325.0s *
10:04:15 |  11    0.6868    0.6782   0.824σ  +0.3074  +0.20  +0.01  335.6s *
10:09:41 |  12    0.6856    0.6766   0.823σ  +0.3084  +0.21  +0.00  325.7s *
10:15:11 |  13    0.6843    0.6754   0.822σ  +0.3096  +0.20  +0.00  330.7s *
10:20:46 |  14    0.6832    0.6745   0.821σ  +0.3106  +0.21  +0.00  335.0s *
10:26:02 |  15    0.6821    0.6733   0.821σ  +0.3117  +0.20  +0.00  316.1s *
10:31:25 |  16    0.6812    0.6732   0.821σ  +0.3126  +0.21  +0.00  322.3s *
10:36:48 |  17    0.6802    0.6716   0.820σ  +0.3136  +0.21  +0.00  322.9s *
10:42:10 |  18    0.6796    0.6719   0.820σ  +0.3143  +0.20  +0.00  322.6s
10:47:34 |  19    0.6788    0.6703   0.819σ  +0.3150  +0.21  +0.00  324.2s *
10:52:56 |  20    0.6779    0.6698   0.818σ  +0.3156  +0.21  +0.00  322.1s *
10:58:19 |  21    0.6772    0.6687   0.818σ  +0.3162  +0.21  +0.00  322.3s *
11:03:41 |  22    0.6766    0.6681   0.817σ  +0.3171  +0.21  +0.00  322.6s *
