08:42:09 | IONIS V19.1 Physics First | V19.1 Physics First (Two-Stage)
08:42:09 | Device: mps | Epochs: 100 | Batch: 65536
08:42:09 | Data sources: WSPR + RBN Full + RBN DX (50x) + Contest
08:42:09 | Normalization: PER-SOURCE Z-score (Rosetta Stone)
08:42:09 | Storm upsample: 20x for Kp >= 5 (DOUBLED)
08:42:09 | Two-stage training: 5 warmup epochs (trunk frozen)
08:42:09 | 
08:42:09 | Connecting to ClickHouse at 10.60.1.1:8123...
08:42:09 | WSPR terrestrial signatures available: 93,339,408
08:42:09 | Loading WSPR floor data (sample 20,000,000)...
08:42:16 | WSPR: 20,000,000 rows in 7.0s
08:42:16 | RBN full signatures available: 56,726,737
08:42:16 | Loading RBN middle data (sample 20,000,000)...
08:42:23 | RBN Full: 20,000,000 rows in 6.8s
08:42:23 | RBN DXpedition signatures available: 91,301
08:42:23 | Loading RBN DXpedition data (all rows)...
08:42:23 | RBN DXpedition: 91,301 rows in 0.0s
08:42:23 | Contest signatures available: 6,337,800
08:42:23 | Loading Contest ceiling data (all rows)...
08:42:25 | Contest: 6,337,485 rows in 2.0s
08:42:25 | 
08:42:25 | === V19.1 PER-SOURCE NORMALIZATION (Rosetta Stone) ===
08:42:25 | Per-source normalization constants:
08:42:25 |   WSPR:    mean=-17.77 dB, std=6.33 dB
08:42:25 |   RBN:     mean=17.85 dB, std=8.18 dB
08:42:25 |   Contest: mean=5.64 dB, std=4.96 dB
08:42:25 | 
08:42:25 | Normalized Z-scores (should all be ~0 mean, ~1 std):
08:42:25 |   WSPR:    mean=-0.0000, std=1.0000
08:42:25 |   RBN:     mean=0.0006, std=1.0006
08:42:25 |   Contest: mean=0.0000, std=1.0000
08:42:25 | 
08:42:25 | Engineering features...
08:43:19 | Upsampling RBN DXpedition 50x...
08:43:19 |   DXpedition effective rows: 4,565,050
08:43:19 |   Contest effective rows: 6,337,485
08:43:19 | 
08:43:19 | Combined dataset (before storm upsample): 50,902,535 rows
08:43:19 |   WSPR (floor):       20,000,000 (39.3%)
08:43:19 |   RBN Full (middle):  20,000,000 (39.3%)
08:43:19 |   RBN DX (rare):      4,565,050 (9.0%)
08:43:19 |   Contest (ceiling):  6,337,485 (12.5%)
08:43:20 | Storm upsample: 144,969 rows with Kp >= 5 (0.28%)
08:43:20 |   Upsampling storm rows 20x (DOUBLED from V19)...
08:43:20 |   After storm upsample: 53,801,915 rows (+2,899,380)
08:43:20 | 
08:43:20 | Combined targets (Z-scores): mean=-0.0015, std=0.9935
08:43:20 | Dataset: 53,801,915 rows x 13 features
08:43:20 | Source data range: 2008-03-11 to 2026-02-01
08:43:22 | Split: 43,041,532 train / 10,760,383 val
08:43:22 | Model: IonisV12Gate (173,173 params)
08:43:22 | Stage 1: Trainable: 50 / 173,173 (sidecars only)
08:43:22 | 
08:43:22 |  Ep     Train       Val     RMSE   Pearson   SFI+   Kp9-    Time  Stage
08:43:22 | -----------------------------------------------------------------------
08:47:38 |   1    1.3028    0.9340   0.966σ  -0.0153  +0.04  +0.12  256.3s  S1 *
08:51:55 |   2    0.9282    0.9339   0.966σ  -0.0154  +0.04  +0.13  256.9s  S1 *
08:56:14 |   3    0.9278    0.9337   0.966σ  -0.0155  +0.03  +0.14  258.4s  S1 *
09:00:53 |   4    0.9278    0.9335   0.966σ  -0.0156  +0.02  +0.15  279.1s  S1 *
09:05:40 |   5    0.9276    0.9332   0.966σ  -0.0157  +0.02  +0.16  287.4s  S1 *
09:05:40 | 
09:05:40 | === STAGE 2: UNFREEZING TRUNK ===
09:05:40 | Stage 2: Trainable: 173,173 / 173,173 (all)
09:05:40 | 
09:05:40 |  Ep     Train       Val     RMSE   Pearson   SFI+   Kp9-    Time  Stage
09:05:40 | -----------------------------------------------------------------------
09:11:02 |   6    0.7162    0.6820   0.826σ  +0.2995  +0.02  +0.15  321.5s  S2 *
09:16:18 |   7    0.6872    0.6728   0.820σ  +0.3095  +0.04  +0.14  316.4s  S2 *
09:21:34 |   8    0.6786    0.6654   0.816σ  +0.3170  +0.05  +0.13  315.7s  S2 *
09:26:50 |   9    0.6729    0.6616   0.813σ  +0.3218  +0.06  +0.13  316.1s  S2 *
09:32:07 |  10    0.6685    0.6566   0.810σ  +0.3267  +0.08  +0.12  317.5s  S2 *
09:37:25 |  11    0.6647    0.6535   0.808σ  +0.3296  +0.09  +0.11  317.1s  S2 *
09:42:41 |  12    0.6615    0.6499   0.806σ  +0.3339  +0.09  +0.11  316.0s  S2 *
09:47:58 |  13    0.6587    0.6468   0.804σ  +0.3371  +0.10  +0.10  316.9s  S2 *
