20:48:48 | IONIS V16 Contest | V16 Contest: Floor + Ceiling Training
20:48:48 | Device: mps | Epochs: 100 | Batch: 65536
20:48:48 | Data sources: WSPR + RBN DXpedition (50x) + Contest
20:48:48 | Normalization: per-source per-band Z-score
20:48:48 | Balloon filtering: V2 CORRECTED (surgical 20K removal)
20:48:48 | 
20:48:48 | Connecting to ClickHouse at 10.60.1.1:8123...
20:48:48 | WSPR terrestrial signatures available: 93,339,408
20:48:48 | Loading WSPR terrestrial data (sample 20,000,000)...
20:48:55 | WSPR: 20,000,000 rows in 7.2s
20:48:55 | RBN DXpedition signatures available: 91,301
20:48:55 | Loading RBN DXpedition data (all rows)...
20:48:55 | RBN: 91,301 rows in 0.0s
20:48:55 | Contest signatures available: 6,337,800
20:48:55 | Loading Contest data (all rows)...
20:48:57 | Contest: 6,337,485 rows in 2.0s
20:48:57 | Applying per-source per-band Z-score normalization...
20:48:58 |   WSPR normalized SNR: mean=-0.000, std=0.948
20:48:58 |   RBN normalized SNR:  mean=0.000, std=1.028
20:48:58 |   Contest normalized:  mean=3.523, std=0.765
20:48:58 | Engineering features...
20:49:29 | Upsampling RBN data 50x...
20:49:29 |   RBN effective rows: 4,565,050
20:49:29 |   Contest effective rows: 6,337,485
20:49:29 | Combined dataset: 30,902,535 rows
20:49:29 |   WSPR contribution:    20,000,000 (64.7%)
20:49:29 |   RBN contribution:     4,565,050 (14.8%)
20:49:29 |   Contest contribution: 6,337,485 (20.5%)
20:49:29 | Dataset: 30,902,535 rows x 13 features
20:49:29 | Normalized SNR: mean=0.722, std=1.698
20:49:29 | Source data range: 2008-03-11 to 2026-02-01
20:49:30 | Split: 24,722,028 train / 6,180,507 val
20:49:30 | Model: IonisV12Gate (203,573 params)
20:49:30 | Trainable: 203,557 / 203,573
20:49:30 | 
Training started (100 epochs)
20:49:30 |  Ep     Train       Val     RMSE   Pearson   SFI+   Kp9-    Time
20:49:30 | ----------------------------------------------------------------
20:51:41 |   1    1.2357    1.0948   1.046σ  -0.0267  +2.56  +6.75  130.4s *
20:53:52 |   2    0.8694    1.0085   1.004σ  +0.0396  +2.31  +6.62  131.1s *
20:56:01 |   3    0.8276    0.9645   0.982σ  +0.0764  +2.15  +6.64  129.5s *
20:58:10 |   4    0.8048    0.9289   0.964σ  +0.1720  +1.97  +6.66  129.0s *
21:00:21 |   5    0.7692    0.8983   0.948σ  +0.2562  +1.77  +6.73  130.6s *
21:02:31 |   6    0.7516    0.8836   0.940σ  +0.2808  +1.59  +6.93  129.9s *
21:04:41 |   7    0.7396    0.8733   0.935σ  +0.2988  +1.40  +7.15  130.2s *
21:06:51 |   8    0.7303    0.8648   0.930σ  +0.3162  +1.23  +7.28  130.4s *
21:09:02 |   9    0.7229    0.8572   0.926σ  +0.3301  +1.11  +7.32  130.5s *
21:11:12 |  10    0.7165    0.8502   0.922σ  +0.3443  +1.01  +7.28  130.0s *
21:13:23 |  11    0.7114    0.8469   0.920σ  +0.3556  +0.95  +7.18  131.3s *
21:15:34 |  12    0.7076    0.8413   0.917σ  +0.3635  +0.93  +7.03  130.5s *
21:17:44 |  13    0.7035    0.8396   0.916σ  +0.3730  +0.91  +6.89  130.5s *
21:19:55 |  14    0.6974    0.8353   0.914σ  +0.3846  +0.88  +6.73  130.2s *
21:22:05 |  15    0.6905    0.8296   0.911σ  +0.3954  +0.85  +6.56  130.4s *
21:24:16 |  16    0.6846    0.8255   0.909σ  +0.4023  +0.81  +6.37  130.8s *
21:26:27 |  17    0.6800    0.8242   0.908σ  +0.4095  +0.77  +6.20  131.0s *
21:28:38 |  18    0.6757    0.8204   0.906σ  +0.4146  +0.73  +6.01  131.3s *
21:30:49 |  19    0.6715    0.8177   0.904σ  +0.4190  +0.68  +5.83  130.8s *
21:33:00 |  20    0.6670    0.8151   0.903σ  +0.4229  +0.64  +5.63  130.6s *
21:35:09 |  21    0.6618    0.8102   0.900σ  +0.4271  +0.60  +5.42  129.7s *
21:37:20 |  22    0.6558    0.8053   0.897σ  +0.4324  +0.56  +5.22  130.5s *
21:39:31 |  23    0.6496    0.8015   0.895σ  +0.4383  +0.52  +5.01  131.0s *
21:41:43 |  24    0.6435    0.7954   0.892σ  +0.4440  +0.50  +4.80  131.8s *
21:43:55 |  25    0.6382    0.7907   0.889σ  +0.4480  +0.48  +4.60  132.9s *
21:46:04 |  26    0.6339    0.7849   0.886σ  +0.4521  +0.48  +4.43  128.9s *
21:48:14 |  27    0.6306    0.7838   0.885σ  +0.4540  +0.48  +4.28  129.2s *
21:50:23 |  28    0.6277    0.7768   0.881σ  +0.4550  +0.48  +4.13  129.3s *
21:52:31 |  29    0.6252    0.7777   0.882σ  +0.4568  +0.48  +4.03  128.4s
21:54:39 |  30    0.6232    0.7763   0.881σ  +0.4594  +0.48  +3.94  128.1s *
21:56:49 |  31    0.6214    0.7732   0.879σ  +0.4598  +0.48  +3.86  130.0s *
21:59:03 |  32    0.6197    0.7721   0.879σ  +0.4618  +0.48  +3.80  133.2s *
22:01:13 |  33    0.6182    0.7708   0.878σ  +0.4627  +0.48  +3.74  130.5s *
22:03:23 |  34    0.6168    0.7697   0.877σ  +0.4640  +0.48  +3.69  130.0s *
22:05:33 |  35    0.6155    0.7669   0.876σ  +0.4651  +0.48  +3.64  129.4s *
22:07:43 |  36    0.6142    0.7661   0.875σ  +0.4656  +0.48  +3.60  129.9s *
22:09:52 |  37    0.6131    0.7652   0.875σ  +0.4668  +0.48  +3.57  129.8s *
22:12:02 |  38    0.6117    0.7650   0.875σ  +0.4670  +0.48  +3.56  130.1s *
22:14:14 |  39    0.6103    0.7635   0.874σ  +0.4696  +0.48  +3.54  131.5s *
22:16:25 |  40    0.6083    0.7618   0.873σ  +0.4716  +0.48  +3.53  131.6s *
22:18:38 |  41    0.6065    0.7636   0.874σ  +0.4727  +0.48  +3.53  132.9s
22:20:48 |  42    0.6052    0.7609   0.872σ  +0.4724  +0.48  +3.51  130.0s *
22:22:59 |  43    0.6040    0.7588   0.871σ  +0.4731  +0.48  +3.51  131.0s *
22:25:11 |  44    0.6029    0.7580   0.871σ  +0.4733  +0.48  +3.50  131.2s *
22:27:22 |  45    0.6019    0.7585   0.871σ  +0.4743  +0.48  +3.51  131.2s
22:29:32 |  46    0.6010    0.7567   0.870σ  +0.4758  +0.48  +3.50  130.2s *
22:31:42 |  47    0.6001    0.7563   0.870σ  +0.4767  +0.48  +3.50  130.1s *
22:33:52 |  48    0.5993    0.7562   0.870σ  +0.4765  +0.48  +3.50  129.9s *
22:36:03 |  49    0.5985    0.7549   0.869σ  +0.4773  +0.48  +3.49  131.2s *
22:38:14 |  50    0.5978    0.7537   0.868σ  +0.4766  +0.48  +3.50  130.3s *
22:40:25 |  51    0.5971    0.7531   0.868σ  +0.4782  +0.48  +3.49  131.0s *
22:42:35 |  52    0.5965    0.7541   0.868σ  +0.4778  +0.48  +3.49  130.7s
22:44:45 |  53    0.5958    0.7516   0.867σ  +0.4788  +0.48  +3.48  129.5s *
22:46:55 |  54    0.5951    0.7503   0.866σ  +0.4792  +0.48  +3.48  130.1s *
22:49:05 |  55    0.5946    0.7503   0.866σ  +0.4795  +0.48  +3.48  130.0s *
22:51:15 |  56    0.5940    0.7508   0.866σ  +0.4796  +0.48  +3.48  129.9s
22:53:26 |  57    0.5934    0.7493   0.866σ  +0.4794  +0.48  +3.47  131.0s *
22:55:36 |  58    0.5929    0.7510   0.867σ  +0.4807  +0.48  +3.48  130.4s
22:57:47 |  59    0.5924    0.7496   0.866σ  +0.4807  +0.48  +3.47  130.6s
22:59:58 |  60    0.5919    0.7481   0.865σ  +0.4815  +0.48  +3.47  130.8s *
23:02:08 |  61    0.5914    0.7467   0.864σ  +0.4813  +0.48  +3.47  130.3s *
23:04:18 |  62    0.5910    0.7477   0.865σ  +0.4818  +0.48  +3.47  130.2s
23:06:28 |  63    0.5906    0.7483   0.865σ  +0.4823  +0.48  +3.46  130.3s
23:08:39 |  64    0.5901    0.7459   0.864σ  +0.4819  +0.48  +3.46  130.8s *
23:10:50 |  65    0.5897    0.7464   0.864σ  +0.4828  +0.48  +3.46  130.7s
23:13:00 |  66    0.5893    0.7457   0.864σ  +0.4820  +0.48  +3.46  129.7s *
23:15:10 |  67    0.5890    0.7458   0.864σ  +0.4828  +0.48  +3.46  130.4s
23:17:19 |  68    0.5887    0.7452   0.863σ  +0.4834  +0.48  +3.46  129.3s *
23:19:30 |  69    0.5883    0.7457   0.864σ  +0.4835  +0.48  +3.46  130.9s
23:21:40 |  70    0.5880    0.7445   0.863σ  +0.4841  +0.48  +3.46  130.1s *
23:23:51 |  71    0.5877    0.7438   0.862σ  +0.4841  +0.48  +3.45  130.7s *
23:26:01 |  72    0.5873    0.7441   0.863σ  +0.4844  +0.48  +3.45  130.3s
23:28:12 |  73    0.5871    0.7447   0.863σ  +0.4844  +0.48  +3.46  131.0s
23:30:23 |  74    0.5868    0.7439   0.862σ  +0.4847  +0.48  +3.45  131.0s
23:32:34 |  75    0.5866    0.7422   0.861σ  +0.4845  +0.48  +3.45  130.7s *
23:34:45 |  76    0.5863    0.7428   0.862σ  +0.4850  +0.48  +3.45  130.9s
23:36:56 |  77    0.5861    0.7420   0.861σ  +0.4851  +0.48  +3.45  130.8s *
23:39:06 |  78    0.5859    0.7434   0.862σ  +0.4849  +0.48  +3.45  130.7s
23:41:18 |  79    0.5857    0.7429   0.862σ  +0.4850  +0.48  +3.45  131.2s
23:43:28 |  80    0.5854    0.7427   0.862σ  +0.4855  +0.48  +3.45  130.9s
23:45:39 |  81    0.5853    0.7424   0.862σ  +0.4853  +0.48  +3.45  130.4s
23:47:50 |  82    0.5851    0.7419   0.861σ  +0.4856  +0.48  +3.45  130.9s *
23:50:01 |  83    0.5849    0.7419   0.861σ  +0.4861  +0.48  +3.45  131.0s *
23:52:12 |  84    0.5847    0.7419   0.861σ  +0.4859  +0.48  +3.45  130.8s *
23:54:22 |  85    0.5846    0.7418   0.861σ  +0.4857  +0.48  +3.45  130.9s *
23:56:33 |  86    0.5844    0.7417   0.861σ  +0.4859  +0.48  +3.45  130.3s *
23:58:44 |  87    0.5844    0.7421   0.861σ  +0.4861  +0.48  +3.45  130.8s
00:00:55 |  88    0.5842    0.7413   0.861σ  +0.4863  +0.48  +3.45  131.1s *
00:03:06 |  89    0.5841    0.7414   0.861σ  +0.4864  +0.48  +3.45  131.2s
00:05:18 |  90    0.5840    0.7410   0.861σ  +0.4863  +0.48  +3.45  131.7s *
00:07:29 |  91    0.5838    0.7411   0.861σ  +0.4868  +0.48  +3.45  131.1s
00:09:39 |  92    0.5838    0.7413   0.861σ  +0.4868  +0.48  +3.45  130.7s
00:11:49 |  93    0.5836    0.7407   0.861σ  +0.4868  +0.48  +3.45  130.0s *
00:14:00 |  94    0.5835    0.7412   0.861σ  +0.4867  +0.48  +3.45  130.9s
00:16:12 |  95    0.5835    0.7402   0.860σ  +0.4871  +0.48  +3.45  131.3s *
00:18:22 |  96    0.5833    0.7407   0.861σ  +0.4869  +0.48  +3.45  130.6s
00:20:34 |  97    0.5833    0.7402   0.860σ  +0.4870  +0.48  +3.45  131.2s *
00:22:44 |  98    0.5832    0.7402   0.860σ  +0.4871  +0.48  +3.45  130.8s
00:24:55 |  99    0.5831    0.7402   0.860σ  +0.4871  +0.48  +3.45  130.9s
00:27:08 | 100    0.5830    0.7400   0.860σ  +0.4873  +0.48  +3.45  132.5s *
00:27:08 | ----------------------------------------------------------------
00:27:08 | Training complete. Best RMSE: 0.8602σ, Pearson: +0.4873
00:27:08 | Checkpoint: /Users/gbeam/workspace/ki7mt-ai-lab/ki7mt-ai-lab-training/models/ionis_v16_contest.pth
00:27:08 | 
00:27:08 | === PHYSICS VERIFICATION (normalized units) ===
00:27:08 | SFI 70→200 benefit: +0.482σ
00:27:08 | Kp 0→9 storm cost: +3.445σ
00:27:08 |   (≈ +3.2 dB SFI benefit)
00:27:08 |   (≈ +23.1 dB storm cost)
00:27:08 | SFI monotonicity: CORRECT
00:27:08 | Kp monotonicity: CORRECT
00:27:08 | 
00:27:08 | === V16 Contest Comparison ===
00:27:08 | V15 Diamond (Clean + DX):  Pearson +0.2828, Recall 86.89%
00:27:08 | V16 Contest (+ anchors):   Pearson +0.4873
00:27:08 | 
00:27:08 | Target: SSB recall 85%+ (V15: 81.01%)
00:27:08 | Run validate_v16_step_i.py to confirm contest anchoring effect.
