09:55:18 | IONIS V17 RBN Enrichment | V17 RBN Grid Enrichment: Floor + Middle + Ceiling
09:55:18 | Device: mps | Epochs: 100 | Batch: 65536
09:55:18 | Data sources: WSPR (floor) + RBN Full (middle) + RBN DX (50x) + Contest (ceiling)
09:55:18 | Normalization: per-source per-band Z-score
09:55:18 | New in V17: RBN grid-enriched signatures (56.7M → 20M sample)
09:55:18 | 
09:55:18 | Connecting to ClickHouse at 10.60.1.1:8123...
09:55:18 | WSPR terrestrial signatures available: 93,339,408
09:55:18 | Loading WSPR floor data (sample 20,000,000)...
09:55:25 | WSPR: 20,000,000 rows in 7.0s
09:55:25 | RBN full signatures available: 56,726,737
09:55:25 | Loading RBN middle data (sample 20,000,000)...
09:55:31 | RBN Full: 20,000,000 rows in 6.8s
09:55:31 | RBN DXpedition signatures available: 91,301
09:55:31 | Loading RBN DXpedition data (all rows)...
09:55:31 | RBN DXpedition: 91,301 rows in 0.0s
09:55:31 | Contest signatures available: 6,337,800
09:55:31 | Loading Contest ceiling data (all rows)...
09:55:33 | Contest: 6,337,485 rows in 2.0s
09:55:33 | Applying per-source per-band Z-score normalization...
09:55:35 |   WSPR normalized:     mean=-0.000, std=0.948
09:55:35 |   RBN Full normalized: mean=0.000, std=0.993
09:55:35 |   RBN DX normalized:   mean=0.000, std=1.028
09:55:35 |   Contest normalized:  mean=3.523, std=0.765
09:55:35 | Engineering features...
09:56:27 | Upsampling RBN DXpedition 50x...
09:56:27 |   DXpedition effective rows: 4,565,050
09:56:27 |   Contest effective rows: 6,337,485
09:56:28 | Combined dataset: 50,902,535 rows
09:56:28 |   WSPR (floor):       20,000,000 (39.3%)
09:56:28 |   RBN Full (middle):  20,000,000 (39.3%)
09:56:28 |   RBN DX (rare):      4,565,050 (9.0%)
09:56:28 |   Contest (ceiling):  6,337,485 (12.5%)
09:56:28 | Dataset: 50,902,535 rows x 13 features
09:56:28 | Normalized SNR: mean=0.439, std=1.504
09:56:28 | Source data range: 2008-03-11 to 2026-02-01
09:56:29 | Split: 40,722,028 train / 10,180,507 val
09:56:29 | Model: IonisV12Gate (203,573 params)
09:56:29 | Trainable: 203,557 / 203,573
09:56:30 | 
Training started (100 epochs)
09:56:30 |  Ep     Train       Val     RMSE   Pearson   SFI+   Kp9-    Time
09:56:30 | ----------------------------------------------------------------
10:00:27 |   1    0.8970    0.8366   0.915σ  +0.0029  +2.53  +6.20  237.4s *
10:04:21 |   2    0.6600    0.7772   0.882σ  +0.0334  +2.26  +6.15  233.8s *
10:08:18 |   3    0.6427    0.7595   0.871σ  +0.0706  +1.95  +6.02  237.4s *
10:12:12 |   4    0.6314    0.7440   0.863σ  +0.1156  +1.63  +5.84  234.1s *
10:16:06 |   5    0.6199    0.7321   0.856σ  +0.1758  +1.35  +5.62  233.7s *
10:20:00 |   6    0.6120    0.7238   0.851σ  +0.2110  +1.12  +5.38  234.3s *
10:23:56 |   7    0.6082    0.7218   0.850σ  +0.2287  +1.01  +5.11  235.4s *
10:27:51 |   8    0.6057    0.7179   0.847σ  +0.2386  +0.98  +4.80  235.3s *
10:31:49 |   9    0.6037    0.7173   0.847σ  +0.2493  +0.95  +4.50  237.9s *
10:35:45 |  10    0.6019    0.7156   0.846σ  +0.2582  +0.91  +4.22  236.4s *
10:39:39 |  11    0.6002    0.7120   0.844σ  +0.2668  +0.85  +3.96  233.7s *
10:43:33 |  12    0.5986    0.7103   0.843σ  +0.2741  +0.79  +3.74  233.7s *
10:47:26 |  13    0.5970    0.7091   0.842σ  +0.2823  +0.72  +3.55  233.2s *
10:51:20 |  14    0.5954    0.7081   0.842σ  +0.2894  +0.64  +3.37  234.0s *
10:55:13 |  15    0.5939    0.7051   0.840σ  +0.2957  +0.58  +3.20  233.6s *
10:59:07 |  16    0.5926    0.7035   0.839σ  +0.3025  +0.52  +3.04  233.5s *
11:03:02 |  17    0.5914    0.7018   0.838σ  +0.3077  +0.48  +2.89  234.7s *
11:06:59 |  18    0.5904    0.7012   0.837σ  +0.3113  +0.48  +2.76  237.0s *
11:10:54 |  19    0.5896    0.6999   0.837σ  +0.3148  +0.48  +2.66  235.7s *
11:14:53 |  20    0.5888    0.6996   0.836σ  +0.3181  +0.48  +2.60  239.1s *
11:18:51 |  21    0.5880    0.6989   0.836σ  +0.3213  +0.48  +2.56  237.6s *
11:22:51 |  22    0.5872    0.6974   0.835σ  +0.3240  +0.48  +2.52  239.9s *
11:26:52 |  23    0.5864    0.6976   0.835σ  +0.3270  +0.48  +2.49  240.6s
11:30:50 |  24    0.5856    0.6974   0.835σ  +0.3296  +0.48  +2.47  238.5s *
11:34:50 |  25    0.5849    0.6955   0.834σ  +0.3315  +0.48  +2.45  239.6s *
11:38:44 |  26    0.5842    0.6958   0.834σ  +0.3344  +0.48  +2.44  234.8s
11:42:44 |  27    0.5836    0.6946   0.833σ  +0.3363  +0.48  +2.43  239.2s *
11:46:39 |  28    0.5830    0.6925   0.832σ  +0.3381  +0.48  +2.42  234.9s *
11:50:34 |  29    0.5824    0.6951   0.834σ  +0.3399  +0.48  +2.42  235.0s
11:54:30 |  30    0.5818    0.6917   0.832σ  +0.3415  +0.48  +2.41  236.9s *
11:58:29 |  31    0.5813    0.6909   0.831σ  +0.3428  +0.48  +2.41  238.7s *
12:02:28 |  32    0.5807    0.6912   0.831σ  +0.3443  +0.48  +2.41  239.4s
12:06:29 |  33    0.5803    0.6925   0.832σ  +0.3445  +0.48  +2.41  240.4s
12:10:27 |  34    0.5798    0.6922   0.832σ  +0.3465  +0.48  +2.41  238.2s
12:14:26 |  35    0.5794    0.6900   0.831σ  +0.3476  +0.48  +2.40  238.5s *
12:18:20 |  36    0.5790    0.6916   0.832σ  +0.3485  +0.48  +2.41  234.9s
12:22:20 |  37    0.5786    0.6909   0.831σ  +0.3493  +0.48  +2.41  239.7s
12:26:18 |  38    0.5782    0.6885   0.830σ  +0.3507  +0.48  +2.40  237.4s *
12:30:15 |  39    0.5778    0.6914   0.832σ  +0.3514  +0.48  +2.42  237.2s
12:34:12 |  40    0.5774    0.6904   0.831σ  +0.3523  +0.48  +2.42  236.8s
12:38:09 |  41    0.5770    0.6901   0.831σ  +0.3534  +0.48  +2.42  237.9s
12:42:05 |  42    0.5766    0.6902   0.831σ  +0.3540  +0.48  +2.42  236.0s
12:46:02 |  43    0.5762    0.6878   0.829σ  +0.3557  +0.48  +2.42  236.2s *
12:49:58 |  44    0.5758    0.6889   0.830σ  +0.3560  +0.48  +2.43  236.5s
12:53:55 |  45    0.5753    0.6883   0.830σ  +0.3572  +0.48  +2.42  236.5s
12:57:49 |  46    0.5749    0.6888   0.830σ  +0.3578  +0.48  +2.43  234.3s
13:01:43 |  47    0.5745    0.6885   0.830σ  +0.3591  +0.48  +2.43  234.5s
13:05:40 |  48    0.5741    0.6879   0.829σ  +0.3594  +0.48  +2.43  237.0s
13:09:41 |  49    0.5737    0.6877   0.829σ  +0.3606  +0.48  +2.43  240.6s *
13:13:41 |  50    0.5733    0.6881   0.830σ  +0.3615  +0.48  +2.44  240.2s
13:17:42 |  51    0.5728    0.6859   0.828σ  +0.3624  +0.48  +2.44  240.8s *
13:21:42 |  52    0.5724    0.6871   0.829σ  +0.3629  +0.48  +2.45  239.9s
13:25:42 |  53    0.5720    0.6869   0.829σ  +0.3642  +0.48  +2.45  240.4s
13:29:43 |  54    0.5716    0.6867   0.829σ  +0.3649  +0.48  +2.45  240.9s
13:33:44 |  55    0.5711    0.6870   0.829σ  +0.3658  +0.48  +2.46  240.7s
13:37:43 |  56    0.5707    0.6865   0.829σ  +0.3667  +0.48  +2.46  239.5s
13:41:43 |  57    0.5703    0.6871   0.829σ  +0.3679  +0.48  +2.46  239.5s
13:45:43 |  58    0.5698    0.6863   0.828σ  +0.3683  +0.48  +2.47  239.8s
13:49:41 |  59    0.5694    0.6864   0.828σ  +0.3688  +0.48  +2.47  238.6s
13:53:40 |  60    0.5690    0.6852   0.828σ  +0.3696  +0.48  +2.47  238.5s *
13:57:37 |  61    0.5685    0.6864   0.828σ  +0.3702  +0.48  +2.48  237.6s
14:01:36 |  62    0.5681    0.6850   0.828σ  +0.3713  +0.48  +2.48  238.4s *
14:05:34 |  63    0.5677    0.6856   0.828σ  +0.3716  +0.48  +2.48  237.9s
14:09:29 |  64    0.5673    0.6853   0.828σ  +0.3724  +0.48  +2.49  235.6s
14:13:26 |  65    0.5669    0.6847   0.827σ  +0.3727  +0.48  +2.49  236.7s *
14:17:23 |  66    0.5664    0.6842   0.827σ  +0.3733  +0.48  +2.49  237.6s *
14:21:21 |  67    0.5661    0.6852   0.828σ  +0.3740  +0.48  +2.50  237.1s
14:25:17 |  68    0.5657    0.6845   0.827σ  +0.3744  +0.48  +2.50  236.9s
14:29:14 |  69    0.5653    0.6842   0.827σ  +0.3751  +0.48  +2.50  236.6s *
14:33:10 |  70    0.5649    0.6840   0.827σ  +0.3758  +0.48  +2.50  236.0s *
14:37:07 |  71    0.5645    0.6850   0.828σ  +0.3761  +0.48  +2.51  236.6s
14:41:03 |  72    0.5641    0.6840   0.827σ  +0.3767  +0.48  +2.51  236.7s *
14:45:00 |  73    0.5638    0.6829   0.826σ  +0.3770  +0.48  +2.51  237.1s *
14:48:57 |  74    0.5634    0.6840   0.827σ  +0.3777  +0.48  +2.51  236.6s
14:52:54 |  75    0.5631    0.6847   0.827σ  +0.3780  +0.48  +2.52  236.8s
14:56:51 |  76    0.5628    0.6826   0.826σ  +0.3786  +0.48  +2.52  237.1s *
15:00:47 |  77    0.5625    0.6840   0.827σ  +0.3791  +0.48  +2.52  236.3s
15:04:44 |  78    0.5622    0.6823   0.826σ  +0.3795  +0.48  +2.52  236.7s *
15:08:41 |  79    0.5619    0.6823   0.826σ  +0.3796  +0.48  +2.52  237.4s
15:12:39 |  80    0.5616    0.6824   0.826σ  +0.3798  +0.48  +2.52  237.6s
15:16:36 |  81    0.5613    0.6816   0.826σ  +0.3802  +0.48  +2.53  237.3s *
15:20:33 |  82    0.5610    0.6823   0.826σ  +0.3808  +0.48  +2.53  236.7s
15:24:30 |  83    0.5608    0.6825   0.826σ  +0.3809  +0.48  +2.53  237.3s
15:28:26 |  84    0.5605    0.6815   0.826σ  +0.3813  +0.48  +2.53  235.8s *
15:32:21 |  85    0.5603    0.6818   0.826σ  +0.3814  +0.48  +2.53  235.0s
15:36:18 |  86    0.5600    0.6818   0.826σ  +0.3818  +0.48  +2.53  236.5s
15:40:13 |  87    0.5598    0.6820   0.826σ  +0.3819  +0.48  +2.53  235.3s
15:44:08 |  88    0.5596    0.6814   0.825σ  +0.3822  +0.48  +2.53  235.5s *
15:48:03 |  89    0.5594    0.6815   0.826σ  +0.3823  +0.48  +2.53  235.1s
15:51:59 |  90    0.5592    0.6825   0.826σ  +0.3828  +0.48  +2.54  235.6s
15:55:56 |  91    0.5590    0.6818   0.826σ  +0.3827  +0.48  +2.54  236.5s
15:59:54 |  92    0.5588    0.6813   0.825σ  +0.3830  +0.48  +2.54  237.9s *
16:03:50 |  93    0.5586    0.6820   0.826σ  +0.3831  +0.48  +2.54  236.3s
16:07:47 |  94    0.5584    0.6816   0.826σ  +0.3834  +0.48  +2.54  237.1s
16:11:49 |  95    0.5582    0.6813   0.825σ  +0.3836  +0.48  +2.54  241.6s *
16:15:48 |  96    0.5581    0.6806   0.825σ  +0.3836  +0.48  +2.54  239.6s *
16:19:49 |  97    0.5579    0.6814   0.825σ  +0.3841  +0.48  +2.54  240.4s
16:23:49 |  98    0.5577    0.6825   0.826σ  +0.3843  +0.48  +2.54  240.0s
16:27:47 |  99    0.5576    0.6805   0.825σ  +0.3843  +0.48  +2.54  238.6s *
16:31:45 | 100    0.5574    0.6812   0.825σ  +0.3848  +0.48  +2.54  237.8s
16:31:45 | ----------------------------------------------------------------
16:31:45 | Training complete. Best RMSE: 0.8249σ, Pearson: +0.3843
16:31:45 | Checkpoint: /Users/gbeam/workspace/ki7mt-ai-lab/ki7mt-ai-lab-training/models/ionis_v17.pth
16:31:45 | 
16:31:45 | === PHYSICS VERIFICATION (normalized units) ===
16:31:45 | SFI 70→200 benefit: +0.482σ
16:31:45 | Kp 0→9 storm cost: +2.538σ
16:31:45 |   (≈ +3.6 dB SFI benefit)
16:31:45 |   (≈ +19.0 dB storm cost)
16:31:45 | SFI monotonicity: CORRECT
16:31:45 | Kp monotonicity: CORRECT
16:31:45 | 
16:31:45 | === V17 RBN Enrichment Summary ===
16:31:45 | V16 Contest (baseline):   Pearson +0.4873, PSK Reporter 84.14%
16:31:45 | V17 RBN Enrichment:       Pearson +0.3843
16:31:45 | 
16:31:45 | Curriculum layers:
16:31:45 |   Floor:   WSPR -28 dB (measured low-power)
16:31:45 |   Middle:  RBN ~18 dB (real machine-measured CW/RTTY)
16:31:45 |   Ceiling: Contest +10/0 dB (anchored human QSO)
16:31:45 |   Rare:    DXpedition (152 DXCC, 50x upsampled)
16:31:45 | 
16:31:45 | Run validate_pskr.py to test on independent PSK Reporter data.
